{"/Users/Farrukh/Desktop/mern-image-sharing-app/api/index.js": {"path":"/Users/Farrukh/Desktop/mern-image-sharing-app/api/index.js","statementMap":{"0":{"start":{"line":1,"column":16},"end":{"line":1,"column":34}},"1":{"start":{"line":2,"column":12},"end":{"line":2,"column":21}},"2":{"start":{"line":3,"column":17},"end":{"line":3,"column":36}},"3":{"start":{"line":4,"column":15},"end":{"line":4,"column":32}},"4":{"start":{"line":5,"column":15},"end":{"line":5,"column":32}},"5":{"start":{"line":6,"column":15},"end":{"line":6,"column":32}},"6":{"start":{"line":7,"column":15},"end":{"line":7,"column":32}},"7":{"start":{"line":8,"column":13},"end":{"line":8,"column":28}},"8":{"start":{"line":10,"column":13},"end":{"line":10,"column":37}},"9":{"start":{"line":13,"column":18},"end":{"line":13,"column":43}},"10":{"start":{"line":16,"column":18},"end":{"line":16,"column":42}},"11":{"start":{"line":19,"column":18},"end":{"line":19,"column":43}},"12":{"start":{"line":21,"column":0},"end":{"line":21,"column":16}},"13":{"start":{"line":23,"column":0},"end":{"line":25,"column":3}},"14":{"start":{"line":24,"column":2},"end":{"line":24,"column":38}},"15":{"start":{"line":28,"column":0},"end":{"line":28,"column":74}},"16":{"start":{"line":29,"column":0},"end":{"line":29,"column":24}},"17":{"start":{"line":30,"column":0},"end":{"line":30,"column":18}},"18":{"start":{"line":31,"column":0},"end":{"line":31,"column":26}},"19":{"start":{"line":33,"column":0},"end":{"line":33,"column":33}},"20":{"start":{"line":34,"column":0},"end":{"line":34,"column":32}},"21":{"start":{"line":35,"column":0},"end":{"line":35,"column":33}},"22":{"start":{"line":39,"column":19},"end":{"line":46,"column":2}},"23":{"start":{"line":41,"column":4},"end":{"line":41,"column":30}},"24":{"start":{"line":44,"column":4},"end":{"line":44,"column":28}},"25":{"start":{"line":48,"column":15},"end":{"line":48,"column":46}},"26":{"start":{"line":50,"column":0},"end":{"line":56,"column":3}},"27":{"start":{"line":51,"column":2},"end":{"line":55,"column":3}},"28":{"start":{"line":52,"column":4},"end":{"line":52,"column":52}},"29":{"start":{"line":54,"column":4},"end":{"line":54,"column":23}},"30":{"start":{"line":58,"column":0},"end":{"line":60,"column":3}},"31":{"start":{"line":59,"column":2},"end":{"line":59,"column":51}},"32":{"start":{"line":62,"column":0},"end":{"line":62,"column":21}}},"fnMap":{"0":{"name":"(anonymous_0)","decl":{"start":{"line":23,"column":93},"end":{"line":23,"column":94}},"loc":{"start":{"line":23,"column":99},"end":{"line":25,"column":1}},"line":23},"1":{"name":"(anonymous_1)","decl":{"start":{"line":40,"column":15},"end":{"line":40,"column":16}},"loc":{"start":{"line":40,"column":34},"end":{"line":42,"column":3}},"line":40},"2":{"name":"(anonymous_2)","decl":{"start":{"line":43,"column":12},"end":{"line":43,"column":13}},"loc":{"start":{"line":43,"column":31},"end":{"line":45,"column":3}},"line":43},"3":{"name":"(anonymous_3)","decl":{"start":{"line":50,"column":47},"end":{"line":50,"column":48}},"loc":{"start":{"line":50,"column":61},"end":{"line":56,"column":1}},"line":50},"4":{"name":"(anonymous_4)","decl":{"start":{"line":58,"column":17},"end":{"line":58,"column":18}},"loc":{"start":{"line":58,"column":23},"end":{"line":60,"column":1}},"line":58}},"branchMap":{"0":{"loc":{"start":{"line":10,"column":13},"end":{"line":10,"column":37}},"type":"binary-expr","locations":[{"start":{"line":10,"column":13},"end":{"line":10,"column":29}},{"start":{"line":10,"column":33},"end":{"line":10,"column":37}}],"line":10}},"s":{"0":3,"1":3,"2":3,"3":3,"4":3,"5":3,"6":3,"7":3,"8":3,"9":3,"10":3,"11":3,"12":3,"13":3,"14":3,"15":3,"16":3,"17":3,"18":3,"19":3,"20":3,"21":3,"22":3,"23":0,"24":0,"25":3,"26":3,"27":0,"28":0,"29":0,"30":3,"31":3,"32":3},"f":{"0":3,"1":0,"2":0,"3":0,"4":3},"b":{"0":[3,0]},"_coverageSchema":"1a1c01bbd47fc00a2c39e90264f33305004495a9","hash":"fc22a496ce34aa3d713c5d359a0c5df63176cc2d"}
,"/Users/Farrukh/Desktop/mern-image-sharing-app/api/models/Post.js": {"path":"/Users/Farrukh/Desktop/mern-image-sharing-app/api/models/Post.js","statementMap":{"0":{"start":{"line":1,"column":17},"end":{"line":1,"column":36}},"1":{"start":{"line":3,"column":19},"end":{"line":19,"column":1}},"2":{"start":{"line":21,"column":0},"end":{"line":21,"column":52}}},"fnMap":{},"branchMap":{},"s":{"0":3,"1":3,"2":3},"f":{},"b":{},"_coverageSchema":"1a1c01bbd47fc00a2c39e90264f33305004495a9","hash":"ed9067e29cbbf88a65c039986aa013acc9b8c99c"}
,"/Users/Farrukh/Desktop/mern-image-sharing-app/api/models/User.js": {"path":"/Users/Farrukh/Desktop/mern-image-sharing-app/api/models/User.js","statementMap":{"0":{"start":{"line":1,"column":17},"end":{"line":1,"column":36}},"1":{"start":{"line":3,"column":19},"end":{"line":61,"column":1}},"2":{"start":{"line":63,"column":0},"end":{"line":63,"column":52}}},"fnMap":{},"branchMap":{},"s":{"0":3,"1":3,"2":3},"f":{},"b":{},"_coverageSchema":"1a1c01bbd47fc00a2c39e90264f33305004495a9","hash":"abeb597b330a513714f83a8fbf58f68807882077"}
,"/Users/Farrukh/Desktop/mern-image-sharing-app/api/routes/auth.js": {"path":"/Users/Farrukh/Desktop/mern-image-sharing-app/api/routes/auth.js","statementMap":{"0":{"start":{"line":1,"column":15},"end":{"line":1,"column":42}},"1":{"start":{"line":2,"column":13},"end":{"line":2,"column":38}},"2":{"start":{"line":5,"column":0},"end":{"line":38,"column":3}},"3":{"start":{"line":6,"column":2},"end":{"line":37,"column":3}},"4":{"start":{"line":7,"column":20},"end":{"line":11,"column":6}},"5":{"start":{"line":14,"column":23},"end":{"line":16,"column":6}},"6":{"start":{"line":17,"column":4},"end":{"line":20,"column":5}},"7":{"start":{"line":19,"column":6},"end":{"line":19,"column":58}},"8":{"start":{"line":23,"column":22},"end":{"line":25,"column":6}},"9":{"start":{"line":26,"column":4},"end":{"line":29,"column":5}},"10":{"start":{"line":28,"column":6},"end":{"line":28,"column":61}},"11":{"start":{"line":32,"column":17},"end":{"line":32,"column":37}},"12":{"start":{"line":34,"column":4},"end":{"line":34,"column":31}},"13":{"start":{"line":36,"column":4},"end":{"line":36,"column":30}},"14":{"start":{"line":41,"column":0},"end":{"line":68,"column":3}},"15":{"start":{"line":42,"column":2},"end":{"line":66,"column":3}},"16":{"start":{"line":44,"column":17},"end":{"line":46,"column":6}},"17":{"start":{"line":47,"column":4},"end":{"line":50,"column":5}},"18":{"start":{"line":49,"column":6},"end":{"line":49,"column":52}},"19":{"start":{"line":53,"column":25},"end":{"line":55,"column":6}},"20":{"start":{"line":56,"column":4},"end":{"line":59,"column":5}},"21":{"start":{"line":58,"column":6},"end":{"line":58,"column":52}},"22":{"start":{"line":63,"column":4},"end":{"line":63,"column":31}},"23":{"start":{"line":65,"column":4},"end":{"line":65,"column":30}},"24":{"start":{"line":70,"column":0},"end":{"line":70,"column":24}}},"fnMap":{"0":{"name":"(anonymous_0)","decl":{"start":{"line":5,"column":25},"end":{"line":5,"column":26}},"loc":{"start":{"line":5,"column":45},"end":{"line":38,"column":1}},"line":5},"1":{"name":"(anonymous_1)","decl":{"start":{"line":41,"column":22},"end":{"line":41,"column":23}},"loc":{"start":{"line":41,"column":42},"end":{"line":68,"column":1}},"line":41}},"branchMap":{"0":{"loc":{"start":{"line":17,"column":4},"end":{"line":20,"column":5}},"type":"if","locations":[{"start":{"line":17,"column":4},"end":{"line":20,"column":5}},{"start":{},"end":{}}],"line":17},"1":{"loc":{"start":{"line":26,"column":4},"end":{"line":29,"column":5}},"type":"if","locations":[{"start":{"line":26,"column":4},"end":{"line":29,"column":5}},{"start":{},"end":{}}],"line":26},"2":{"loc":{"start":{"line":47,"column":4},"end":{"line":50,"column":5}},"type":"if","locations":[{"start":{"line":47,"column":4},"end":{"line":50,"column":5}},{"start":{},"end":{}}],"line":47},"3":{"loc":{"start":{"line":56,"column":4},"end":{"line":59,"column":5}},"type":"if","locations":[{"start":{"line":56,"column":4},"end":{"line":59,"column":5}},{"start":{},"end":{}}],"line":56}},"s":{"0":3,"1":3,"2":3,"3":6,"4":6,"5":6,"6":6,"7":1,"8":5,"9":5,"10":1,"11":4,"12":4,"13":0,"14":3,"15":4,"16":4,"17":4,"18":2,"19":2,"20":2,"21":1,"22":1,"23":0,"24":3},"f":{"0":6,"1":4},"b":{"0":[1,5],"1":[1,4],"2":[2,2],"3":[1,1]},"_coverageSchema":"1a1c01bbd47fc00a2c39e90264f33305004495a9","hash":"14d2198467537bdf97ec4c1437e14c19d1f77a82"}
,"/Users/Farrukh/Desktop/mern-image-sharing-app/api/routes/posts.js": {"path":"/Users/Farrukh/Desktop/mern-image-sharing-app/api/routes/posts.js","statementMap":{"0":{"start":{"line":1,"column":15},"end":{"line":1,"column":42}},"1":{"start":{"line":2,"column":13},"end":{"line":2,"column":38}},"2":{"start":{"line":3,"column":13},"end":{"line":3,"column":38}},"3":{"start":{"line":6,"column":0},"end":{"line":14,"column":3}},"4":{"start":{"line":7,"column":18},"end":{"line":7,"column":36}},"5":{"start":{"line":8,"column":2},"end":{"line":13,"column":3}},"6":{"start":{"line":9,"column":22},"end":{"line":9,"column":42}},"7":{"start":{"line":10,"column":4},"end":{"line":10,"column":36}},"8":{"start":{"line":12,"column":4},"end":{"line":12,"column":30}},"9":{"start":{"line":17,"column":0},"end":{"line":24,"column":3}},"10":{"start":{"line":18,"column":2},"end":{"line":23,"column":3}},"11":{"start":{"line":19,"column":17},"end":{"line":19,"column":51}},"12":{"start":{"line":20,"column":4},"end":{"line":20,"column":31}},"13":{"start":{"line":22,"column":4},"end":{"line":22,"column":30}},"14":{"start":{"line":27,"column":0},"end":{"line":46,"column":3}},"15":{"start":{"line":28,"column":2},"end":{"line":45,"column":3}},"16":{"start":{"line":30,"column":24},"end":{"line":30,"column":62}},"17":{"start":{"line":33,"column":22},"end":{"line":33,"column":64}},"18":{"start":{"line":36,"column":30},"end":{"line":40,"column":5}},"19":{"start":{"line":38,"column":8},"end":{"line":38,"column":48}},"20":{"start":{"line":42,"column":4},"end":{"line":42,"column":65}},"21":{"start":{"line":44,"column":4},"end":{"line":44,"column":30}},"22":{"start":{"line":49,"column":0},"end":{"line":57,"column":3}},"23":{"start":{"line":50,"column":2},"end":{"line":56,"column":3}},"24":{"start":{"line":51,"column":17},"end":{"line":51,"column":68}},"25":{"start":{"line":52,"column":18},"end":{"line":52,"column":53}},"26":{"start":{"line":53,"column":4},"end":{"line":53,"column":32}},"27":{"start":{"line":55,"column":4},"end":{"line":55,"column":30}},"28":{"start":{"line":60,"column":0},"end":{"line":72,"column":3}},"29":{"start":{"line":61,"column":2},"end":{"line":71,"column":3}},"30":{"start":{"line":62,"column":17},"end":{"line":62,"column":51}},"31":{"start":{"line":63,"column":4},"end":{"line":68,"column":5}},"32":{"start":{"line":64,"column":6},"end":{"line":64,"column":45}},"33":{"start":{"line":65,"column":6},"end":{"line":65,"column":56}},"34":{"start":{"line":67,"column":6},"end":{"line":67,"column":60}},"35":{"start":{"line":70,"column":4},"end":{"line":70,"column":30}},"36":{"start":{"line":75,"column":0},"end":{"line":87,"column":3}},"37":{"start":{"line":76,"column":2},"end":{"line":86,"column":3}},"38":{"start":{"line":77,"column":17},"end":{"line":77,"column":51}},"39":{"start":{"line":78,"column":4},"end":{"line":83,"column":5}},"40":{"start":{"line":79,"column":6},"end":{"line":79,"column":29}},"41":{"start":{"line":80,"column":6},"end":{"line":80,"column":56}},"42":{"start":{"line":82,"column":6},"end":{"line":82,"column":60}},"43":{"start":{"line":85,"column":4},"end":{"line":85,"column":30}},"44":{"start":{"line":89,"column":0},"end":{"line":89,"column":24}}},"fnMap":{"0":{"name":"(anonymous_0)","decl":{"start":{"line":6,"column":17},"end":{"line":6,"column":18}},"loc":{"start":{"line":6,"column":37},"end":{"line":14,"column":1}},"line":6},"1":{"name":"(anonymous_1)","decl":{"start":{"line":17,"column":19},"end":{"line":17,"column":20}},"loc":{"start":{"line":17,"column":39},"end":{"line":24,"column":1}},"line":17},"2":{"name":"(anonymous_2)","decl":{"start":{"line":27,"column":32},"end":{"line":27,"column":33}},"loc":{"start":{"line":27,"column":52},"end":{"line":46,"column":1}},"line":27},"3":{"name":"(anonymous_3)","decl":{"start":{"line":37,"column":33},"end":{"line":37,"column":34}},"loc":{"start":{"line":37,"column":50},"end":{"line":39,"column":7}},"line":37},"4":{"name":"(anonymous_4)","decl":{"start":{"line":49,"column":33},"end":{"line":49,"column":34}},"loc":{"start":{"line":49,"column":53},"end":{"line":57,"column":1}},"line":49},"5":{"name":"(anonymous_5)","decl":{"start":{"line":60,"column":19},"end":{"line":60,"column":20}},"loc":{"start":{"line":60,"column":39},"end":{"line":72,"column":1}},"line":60},"6":{"name":"(anonymous_6)","decl":{"start":{"line":75,"column":22},"end":{"line":75,"column":23}},"loc":{"start":{"line":75,"column":42},"end":{"line":87,"column":1}},"line":75}},"branchMap":{"0":{"loc":{"start":{"line":63,"column":4},"end":{"line":68,"column":5}},"type":"if","locations":[{"start":{"line":63,"column":4},"end":{"line":68,"column":5}},{"start":{"line":66,"column":11},"end":{"line":68,"column":5}}],"line":63},"1":{"loc":{"start":{"line":78,"column":4},"end":{"line":83,"column":5}},"type":"if","locations":[{"start":{"line":78,"column":4},"end":{"line":83,"column":5}},{"start":{"line":81,"column":11},"end":{"line":83,"column":5}}],"line":78}},"s":{"0":3,"1":3,"2":3,"3":3,"4":2,"5":2,"6":2,"7":2,"8":0,"9":3,"10":0,"11":0,"12":0,"13":0,"14":3,"15":1,"16":1,"17":1,"18":1,"19":0,"20":1,"21":0,"22":3,"23":1,"24":1,"25":1,"26":1,"27":0,"28":3,"29":0,"30":0,"31":0,"32":0,"33":0,"34":0,"35":0,"36":3,"37":0,"38":0,"39":0,"40":0,"41":0,"42":0,"43":0,"44":3},"f":{"0":2,"1":0,"2":1,"3":0,"4":1,"5":0,"6":0},"b":{"0":[0,0],"1":[0,0]},"_coverageSchema":"1a1c01bbd47fc00a2c39e90264f33305004495a9","hash":"c8c5a0044c292d7ec94d1fe3ae75110d112f72c7"}
,"/Users/Farrukh/Desktop/mern-image-sharing-app/api/routes/users.js": {"path":"/Users/Farrukh/Desktop/mern-image-sharing-app/api/routes/users.js","statementMap":{"0":{"start":{"line":1,"column":15},"end":{"line":1,"column":42}},"1":{"start":{"line":2,"column":13},"end":{"line":2,"column":38}},"2":{"start":{"line":5,"column":0},"end":{"line":26,"column":3}},"3":{"start":{"line":6,"column":2},"end":{"line":25,"column":3}},"4":{"start":{"line":7,"column":4},"end":{"line":13,"column":5}},"5":{"start":{"line":8,"column":6},"end":{"line":12,"column":7}},"6":{"start":{"line":9,"column":8},"end":{"line":9,"column":46}},"7":{"start":{"line":11,"column":8},"end":{"line":11,"column":41}},"8":{"start":{"line":15,"column":4},"end":{"line":22,"column":5}},"9":{"start":{"line":16,"column":19},"end":{"line":18,"column":8}},"10":{"start":{"line":19,"column":6},"end":{"line":19,"column":46}},"11":{"start":{"line":21,"column":6},"end":{"line":21,"column":39}},"12":{"start":{"line":24,"column":4},"end":{"line":24,"column":69}},"13":{"start":{"line":29,"column":0},"end":{"line":40,"column":3}},"14":{"start":{"line":30,"column":2},"end":{"line":39,"column":3}},"15":{"start":{"line":31,"column":4},"end":{"line":36,"column":5}},"16":{"start":{"line":32,"column":19},"end":{"line":32,"column":62}},"17":{"start":{"line":33,"column":6},"end":{"line":33,"column":46}},"18":{"start":{"line":35,"column":6},"end":{"line":35,"column":39}},"19":{"start":{"line":38,"column":4},"end":{"line":38,"column":69}},"20":{"start":{"line":43,"column":0},"end":{"line":56,"column":3}},"21":{"start":{"line":44,"column":17},"end":{"line":44,"column":33}},"22":{"start":{"line":45,"column":19},"end":{"line":45,"column":37}},"23":{"start":{"line":47,"column":2},"end":{"line":55,"column":3}},"24":{"start":{"line":48,"column":17},"end":{"line":50,"column":50}},"25":{"start":{"line":51,"column":46},"end":{"line":51,"column":55}},"26":{"start":{"line":52,"column":4},"end":{"line":52,"column":32}},"27":{"start":{"line":54,"column":4},"end":{"line":54,"column":30}},"28":{"start":{"line":59,"column":0},"end":{"line":84,"column":3}},"29":{"start":{"line":60,"column":2},"end":{"line":83,"column":3}},"30":{"start":{"line":61,"column":4},"end":{"line":80,"column":5}},"31":{"start":{"line":63,"column":19},"end":{"line":63,"column":53}},"32":{"start":{"line":65,"column":26},"end":{"line":65,"column":62}},"33":{"start":{"line":67,"column":6},"end":{"line":77,"column":7}},"34":{"start":{"line":69,"column":8},"end":{"line":69,"column":72}},"35":{"start":{"line":71,"column":8},"end":{"line":71,"column":78}},"36":{"start":{"line":73,"column":8},"end":{"line":73,"column":88}},"37":{"start":{"line":76,"column":8},"end":{"line":76,"column":61}},"38":{"start":{"line":79,"column":6},"end":{"line":79,"column":32}},"39":{"start":{"line":82,"column":4},"end":{"line":82,"column":53}},"40":{"start":{"line":87,"column":0},"end":{"line":112,"column":3}},"41":{"start":{"line":88,"column":2},"end":{"line":111,"column":3}},"42":{"start":{"line":89,"column":4},"end":{"line":108,"column":5}},"43":{"start":{"line":91,"column":19},"end":{"line":91,"column":53}},"44":{"start":{"line":93,"column":26},"end":{"line":93,"column":62}},"45":{"start":{"line":95,"column":6},"end":{"line":105,"column":7}},"46":{"start":{"line":97,"column":8},"end":{"line":97,"column":72}},"47":{"start":{"line":99,"column":8},"end":{"line":99,"column":78}},"48":{"start":{"line":101,"column":8},"end":{"line":101,"column":95}},"49":{"start":{"line":104,"column":8},"end":{"line":104,"column":60}},"50":{"start":{"line":107,"column":6},"end":{"line":107,"column":32}},"51":{"start":{"line":110,"column":4},"end":{"line":110,"column":56}},"52":{"start":{"line":115,"column":0},"end":{"line":132,"column":3}},"53":{"start":{"line":116,"column":2},"end":{"line":131,"column":3}},"54":{"start":{"line":117,"column":17},"end":{"line":117,"column":55}},"55":{"start":{"line":118,"column":27},"end":{"line":122,"column":5}},"56":{"start":{"line":120,"column":8},"end":{"line":120,"column":40}},"57":{"start":{"line":123,"column":25},"end":{"line":123,"column":27}},"58":{"start":{"line":124,"column":4},"end":{"line":127,"column":7}},"59":{"start":{"line":125,"column":48},"end":{"line":125,"column":57}},"60":{"start":{"line":126,"column":6},"end":{"line":126,"column":61}},"61":{"start":{"line":128,"column":4},"end":{"line":128,"column":41}},"62":{"start":{"line":130,"column":4},"end":{"line":130,"column":30}},"63":{"start":{"line":134,"column":0},"end":{"line":134,"column":24}}},"fnMap":{"0":{"name":"(anonymous_0)","decl":{"start":{"line":5,"column":19},"end":{"line":5,"column":20}},"loc":{"start":{"line":5,"column":39},"end":{"line":26,"column":1}},"line":5},"1":{"name":"(anonymous_1)","decl":{"start":{"line":29,"column":22},"end":{"line":29,"column":23}},"loc":{"start":{"line":29,"column":42},"end":{"line":40,"column":1}},"line":29},"2":{"name":"(anonymous_2)","decl":{"start":{"line":43,"column":16},"end":{"line":43,"column":17}},"loc":{"start":{"line":43,"column":36},"end":{"line":56,"column":1}},"line":43},"3":{"name":"(anonymous_3)","decl":{"start":{"line":59,"column":26},"end":{"line":59,"column":27}},"loc":{"start":{"line":59,"column":46},"end":{"line":84,"column":1}},"line":59},"4":{"name":"(anonymous_4)","decl":{"start":{"line":87,"column":28},"end":{"line":87,"column":29}},"loc":{"start":{"line":87,"column":48},"end":{"line":112,"column":1}},"line":87},"5":{"name":"(anonymous_5)","decl":{"start":{"line":115,"column":33},"end":{"line":115,"column":34}},"loc":{"start":{"line":115,"column":53},"end":{"line":132,"column":1}},"line":115},"6":{"name":"(anonymous_6)","decl":{"start":{"line":119,"column":26},"end":{"line":119,"column":27}},"loc":{"start":{"line":119,"column":41},"end":{"line":121,"column":7}},"line":119},"7":{"name":"(anonymous_7)","decl":{"start":{"line":124,"column":23},"end":{"line":124,"column":24}},"loc":{"start":{"line":124,"column":38},"end":{"line":127,"column":5}},"line":124}},"branchMap":{"0":{"loc":{"start":{"line":6,"column":2},"end":{"line":25,"column":3}},"type":"if","locations":[{"start":{"line":6,"column":2},"end":{"line":25,"column":3}},{"start":{"line":23,"column":9},"end":{"line":25,"column":3}}],"line":6},"1":{"loc":{"start":{"line":6,"column":6},"end":{"line":6,"column":59}},"type":"binary-expr","locations":[{"start":{"line":6,"column":6},"end":{"line":6,"column":39}},{"start":{"line":6,"column":43},"end":{"line":6,"column":59}}],"line":6},"2":{"loc":{"start":{"line":7,"column":4},"end":{"line":13,"column":5}},"type":"if","locations":[{"start":{"line":7,"column":4},"end":{"line":13,"column":5}},{"start":{},"end":{}}],"line":7},"3":{"loc":{"start":{"line":30,"column":2},"end":{"line":39,"column":3}},"type":"if","locations":[{"start":{"line":30,"column":2},"end":{"line":39,"column":3}},{"start":{"line":37,"column":9},"end":{"line":39,"column":3}}],"line":30},"4":{"loc":{"start":{"line":30,"column":6},"end":{"line":30,"column":59}},"type":"binary-expr","locations":[{"start":{"line":30,"column":6},"end":{"line":30,"column":39}},{"start":{"line":30,"column":43},"end":{"line":30,"column":59}}],"line":30},"5":{"loc":{"start":{"line":48,"column":17},"end":{"line":50,"column":50}},"type":"cond-expr","locations":[{"start":{"line":49,"column":8},"end":{"line":49,"column":35}},{"start":{"line":50,"column":8},"end":{"line":50,"column":50}}],"line":48},"6":{"loc":{"start":{"line":60,"column":2},"end":{"line":83,"column":3}},"type":"if","locations":[{"start":{"line":60,"column":2},"end":{"line":83,"column":3}},{"start":{"line":81,"column":9},"end":{"line":83,"column":3}}],"line":60},"7":{"loc":{"start":{"line":67,"column":6},"end":{"line":77,"column":7}},"type":"if","locations":[{"start":{"line":67,"column":6},"end":{"line":77,"column":7}},{"start":{"line":74,"column":13},"end":{"line":77,"column":7}}],"line":67},"8":{"loc":{"start":{"line":88,"column":2},"end":{"line":111,"column":3}},"type":"if","locations":[{"start":{"line":88,"column":2},"end":{"line":111,"column":3}},{"start":{"line":109,"column":9},"end":{"line":111,"column":3}}],"line":88},"9":{"loc":{"start":{"line":95,"column":6},"end":{"line":105,"column":7}},"type":"if","locations":[{"start":{"line":95,"column":6},"end":{"line":105,"column":7}},{"start":{"line":102,"column":13},"end":{"line":105,"column":7}}],"line":95}},"s":{"0":3,"1":3,"2":3,"3":0,"4":0,"5":0,"6":0,"7":0,"8":0,"9":0,"10":0,"11":0,"12":0,"13":3,"14":0,"15":0,"16":0,"17":0,"18":0,"19":0,"20":3,"21":18,"22":18,"23":18,"24":18,"25":18,"26":16,"27":2,"28":3,"29":3,"30":2,"31":2,"32":2,"33":2,"34":1,"35":1,"36":1,"37":1,"38":0,"39":1,"40":3,"41":3,"42":2,"43":2,"44":2,"45":2,"46":1,"47":1,"48":1,"49":1,"50":0,"51":1,"52":3,"53":1,"54":1,"55":1,"56":1,"57":1,"58":1,"59":1,"60":1,"61":1,"62":0,"63":3},"f":{"0":0,"1":0,"2":18,"3":3,"4":3,"5":1,"6":1,"7":1},"b":{"0":[0,0],"1":[0,0],"2":[0,0],"3":[0,0],"4":[0,0],"5":[2,16],"6":[2,1],"7":[1,1],"8":[2,1],"9":[1,1]},"_coverageSchema":"1a1c01bbd47fc00a2c39e90264f33305004495a9","hash":"1ce32c90f2b9680e982d072bbef0db88e9cbb365"}
}
