TN:
SF:index.js
FN:23,(anonymous_0)
FN:40,(anonymous_1)
FN:43,(anonymous_2)
FN:50,(anonymous_3)
FN:58,(anonymous_4)
FNF:5
FNH:2
FNDA:3,(anonymous_0)
FNDA:0,(anonymous_1)
FNDA:0,(anonymous_2)
FNDA:0,(anonymous_3)
FNDA:3,(anonymous_4)
DA:1,3
DA:2,3
DA:3,3
DA:4,3
DA:5,3
DA:6,3
DA:7,3
DA:8,3
DA:10,3
DA:13,3
DA:16,3
DA:19,3
DA:21,3
DA:23,3
DA:24,3
DA:28,3
DA:29,3
DA:30,3
DA:31,3
DA:33,3
DA:34,3
DA:35,3
DA:39,3
DA:41,0
DA:44,0
DA:48,3
DA:50,3
DA:51,0
DA:52,0
DA:54,0
DA:58,3
DA:59,3
DA:62,3
LF:33
LH:28
BRDA:10,0,0,3
BRDA:10,0,1,0
BRF:2
BRH:1
end_of_record
TN:
SF:models/Post.js
FNF:0
FNH:0
DA:1,3
DA:3,3
DA:21,3
LF:3
LH:3
BRF:0
BRH:0
end_of_record
TN:
SF:models/User.js
FNF:0
FNH:0
DA:1,3
DA:3,3
DA:63,3
LF:3
LH:3
BRF:0
BRH:0
end_of_record
TN:
SF:routes/auth.js
FN:5,(anonymous_0)
FN:41,(anonymous_1)
FNF:2
FNH:2
FNDA:6,(anonymous_0)
FNDA:4,(anonymous_1)
DA:1,3
DA:2,3
DA:5,3
DA:6,6
DA:7,6
DA:14,6
DA:17,6
DA:19,1
DA:23,5
DA:26,5
DA:28,1
DA:32,4
DA:34,4
DA:36,0
DA:41,3
DA:42,4
DA:44,4
DA:47,4
DA:49,2
DA:53,2
DA:56,2
DA:58,1
DA:63,1
DA:65,0
DA:70,3
LF:25
LH:23
BRDA:17,0,0,1
BRDA:17,0,1,5
BRDA:26,1,0,1
BRDA:26,1,1,4
BRDA:47,2,0,2
BRDA:47,2,1,2
BRDA:56,3,0,1
BRDA:56,3,1,1
BRF:8
BRH:8
end_of_record
TN:
SF:routes/posts.js
FN:6,(anonymous_0)
FN:17,(anonymous_1)
FN:27,(anonymous_2)
FN:37,(anonymous_3)
FN:49,(anonymous_4)
FN:60,(anonymous_5)
FN:75,(anonymous_6)
FNF:7
FNH:3
FNDA:2,(anonymous_0)
FNDA:0,(anonymous_1)
FNDA:1,(anonymous_2)
FNDA:0,(anonymous_3)
FNDA:1,(anonymous_4)
FNDA:0,(anonymous_5)
FNDA:0,(anonymous_6)
DA:1,3
DA:2,3
DA:3,3
DA:6,3
DA:7,2
DA:8,2
DA:9,2
DA:10,2
DA:12,0
DA:17,3
DA:18,0
DA:19,0
DA:20,0
DA:22,0
DA:27,3
DA:28,1
DA:30,1
DA:33,1
DA:36,1
DA:38,0
DA:42,1
DA:44,0
DA:49,3
DA:50,1
DA:51,1
DA:52,1
DA:53,1
DA:55,0
DA:60,3
DA:61,0
DA:62,0
DA:63,0
DA:64,0
DA:65,0
DA:67,0
DA:70,0
DA:75,3
DA:76,0
DA:77,0
DA:78,0
DA:79,0
DA:80,0
DA:82,0
DA:85,0
DA:89,3
LF:45
LH:23
BRDA:63,0,0,0
BRDA:63,0,1,0
BRDA:78,1,0,0
BRDA:78,1,1,0
BRF:4
BRH:0
end_of_record
TN:
SF:routes/users.js
FN:5,(anonymous_0)
FN:29,(anonymous_1)
FN:43,(anonymous_2)
FN:59,(anonymous_3)
FN:87,(anonymous_4)
FN:115,(anonymous_5)
FN:119,(anonymous_6)
FN:124,(anonymous_7)
FNF:8
FNH:6
FNDA:0,(anonymous_0)
FNDA:0,(anonymous_1)
FNDA:18,(anonymous_2)
FNDA:3,(anonymous_3)
FNDA:3,(anonymous_4)
FNDA:1,(anonymous_5)
FNDA:1,(anonymous_6)
FNDA:1,(anonymous_7)
DA:1,3
DA:2,3
DA:5,3
DA:6,0
DA:7,0
DA:8,0
DA:9,0
DA:11,0
DA:15,0
DA:16,0
DA:19,0
DA:21,0
DA:24,0
DA:29,3
DA:30,0
DA:31,0
DA:32,0
DA:33,0
DA:35,0
DA:38,0
DA:43,3
DA:44,18
DA:45,18
DA:47,18
DA:48,18
DA:51,18
DA:52,16
DA:54,2
DA:59,3
DA:60,3
DA:61,2
DA:63,2
DA:65,2
DA:67,2
DA:69,1
DA:71,1
DA:73,1
DA:76,1
DA:79,0
DA:82,1
DA:87,3
DA:88,3
DA:89,2
DA:91,2
DA:93,2
DA:95,2
DA:97,1
DA:99,1
DA:101,1
DA:104,1
DA:107,0
DA:110,1
DA:115,3
DA:116,1
DA:117,1
DA:118,1
DA:120,1
DA:123,1
DA:124,1
DA:125,1
DA:126,1
DA:128,1
DA:130,0
DA:134,3
LF:64
LH:45
BRDA:6,0,0,0
BRDA:6,0,1,0
BRDA:6,1,0,0
BRDA:6,1,1,0
BRDA:7,2,0,0
BRDA:7,2,1,0
BRDA:30,3,0,0
BRDA:30,3,1,0
BRDA:30,4,0,0
BRDA:30,4,1,0
BRDA:48,5,0,2
BRDA:48,5,1,16
BRDA:60,6,0,2
BRDA:60,6,1,1
BRDA:67,7,0,1
BRDA:67,7,1,1
BRDA:88,8,0,2
BRDA:88,8,1,1
BRDA:95,9,0,1
BRDA:95,9,1,1
BRF:20
BRH:10
end_of_record
